<?xml version="1.0" encoding="UTF-8"?>
<!-- Generated by org.testng.reporters.JUnitReportReporter -->
<testsuite hostname="DESKTOP-B2J85LN" failures="0" tests="1" name="testngpkg.copypaste" time="0.803" errors="0" timestamp="2024-08-20T09:24:48 IST" skipped="0">
  <testcase classname="testngpkg.copypaste" name="test" time="0.803"/>
  <system-out/>
</testsuite> <!-- testngpkg.copypaste -->
