<?xml version="1.0" encoding="UTF-8"?>
<!-- Generated by org.testng.reporters.JUnitReportReporter -->
<testsuite hostname="DESKTOP-B2J85LN" failures="0" tests="1" name="testngpkg.fileupload" time="0.324" errors="0" timestamp="2024-08-14T11:31:48 IST" skipped="0">
  <testcase classname="testngpkg.fileupload" name="test" time="0.324"/>
  <system-out/>
</testsuite> <!-- testngpkg.fileupload -->
