<?xml version="1.0" encoding="UTF-8"?>
<!-- Generated by org.testng.reporters.JUnitReportReporter -->
<testsuite hostname="DESKTOP-B2J85LN" failures="0" tests="4" name="testngpkg.rishiherbal" time="13.681" errors="0" timestamp="2024-08-20T09:23:28 IST" skipped="0">
  <testcase classname="testngpkg.rishiherbal" name="test" time="0.102"/>
  <system-out/>
  <testcase classname="testngpkg.rishiherbal" name="test2" time="13.387"/>
  <system-out/>
  <testcase classname="testngpkg.rishiherbal" name="agripresent" time="0.057"/>
  <system-out/>
  <testcase classname="testngpkg.rishiherbal" name="scrnsht" time="0.135"/>
  <system-out/>
</testsuite> <!-- testngpkg.rishiherbal -->
