<?xml version="1.0" encoding="UTF-8"?>
<!-- Generated by org.testng.reporters.JUnitReportReporter -->
<testsuite hostname="DESKTOP-B2J85LN" failures="0" tests="1" name="testngpkg.dragdrop" time="1.662" errors="0" timestamp="2024-08-14T11:16:58 IST" skipped="0">
  <testcase classname="testngpkg.dragdrop" name="test" time="1.662"/>
  <system-out/>
</testsuite> <!-- testngpkg.dragdrop -->
