<?xml version="1.0" encoding="UTF-8"?>
<!-- Generated by org.testng.reporters.JUnitReportReporter -->
<testsuite hostname="DESKTOP-B2J85LN" failures="0" tests="1" name="testngpkg.filerobertupload" time="3.418" errors="0" timestamp="2024-08-14T11:49:54 IST" skipped="0">
  <testcase classname="testngpkg.filerobertupload" name="fileuploadpgm" time="3.418"/>
  <system-out/>
</testsuite> <!-- testngpkg.filerobertupload -->
