<?xml version="1.0" encoding="UTF-8"?>
<!-- Generated by org.testng.reporters.JUnitReportReporter -->
<testsuite hostname="DESKTOP-B2J85LN" failures="0" tests="1" name="testngpkg.ebay" time="0.836" errors="0" timestamp="2024-08-14T10:03:05 IST" skipped="0">
  <testcase classname="testngpkg.ebay" name="test" time="0.836"/>
  <system-out/>
</testsuite> <!-- testngpkg.ebay -->
