<?xml version="1.0" encoding="UTF-8"?>
<!-- Generated by org.testng.reporters.JUnitReportReporter -->
<testsuite hostname="DESKTOP-B2J85LN" failures="0" tests="3" name="testngpkg.crossbrowsertesting" time="9.837" errors="0" timestamp="2024-08-12T11:26:54 IST" skipped="0">
  <testcase classname="testngpkg.crossbrowsertesting" name="test" time="5.279"/>
  <system-out/>
  <testcase classname="testngpkg.crossbrowsertesting" name="test" time="2.003"/>
  <system-out/>
  <testcase classname="testngpkg.crossbrowsertesting" name="test" time="2.555"/>
  <system-out/>
</testsuite> <!-- testngpkg.crossbrowsertesting -->
