<?xml version="1.0" encoding="UTF-8"?>
<!-- Generated by org.testng.reporters.JUnitReportReporter -->
<testsuite hostname="DESKTOP-B2J85LN" failures="0" tests="1" name="testngpkg.guru" time="0.763" errors="0" timestamp="2024-08-13T19:57:42 IST" skipped="0">
  <testcase classname="testngpkg.guru" name="test" time="0.763"/>
  <system-out/>
</testsuite> <!-- testngpkg.guru -->
