<?xml version="1.0" encoding="UTF-8"?>
<!-- Generated by org.testng.reporters.JUnitReportReporter -->
<testsuite hostname="DESKTOP-B2J85LN" failures="0" tests="1" name="testngpkg.parametarasation" time="0.026" errors="0" timestamp="2024-08-12T11:04:25 IST" skipped="0">
  <testcase classname="testngpkg.parametarasation" name="test" time="0.026"/>
  <system-out/>
</testsuite> <!-- testngpkg.parametarasation -->
