<?xml version="1.0" encoding="UTF-8"?>
<!-- Generated by org.testng.reporters.JUnitReportReporter -->
<testsuite hostname="DESKTOP-B2J85LN" failures="0" tests="1" name="testngpkg.buttontext" time="4.678" errors="0" timestamp="2024-08-27T20:06:52 IST" skipped="0">
  <testcase classname="testngpkg.buttontext" name="test" time="4.678"/>
  <system-out/>
</testsuite> <!-- testngpkg.buttontext -->
